<?xml version="1.0" encoding="UTF-8" ?>
<testsuite tests="10" failures="0" name="org.springframework.samples.petclinic.service.ClinicServiceJdbcTests" time="0.367" errors="0" skipped="0">
  <properties>
    <property name="java.runtime.name" value="Java(TM) SE Runtime Environment"/>
    <property name="sun.boot.library.path" value="C:\Program Files\Java\jdk1.8.0_141\jre\bin"/>
    <property name="java.vm.version" value="25.141-b15"/>
    <property name="java.vm.vendor" value="Oracle Corporation"/>
    <property name="maven.multiModuleProjectDirectory" value="C:\Development\Workspace\JBoss Workspace\examples\spring-petclinic"/>
    <property name="java.vendor.url" value="http://java.oracle.com/"/>
    <property name="path.separator" value=";"/>
    <property name="guice.disable.misplaced.annotation.check" value="true"/>
    <property name="java.vm.name" value="Java HotSpot(TM) 64-Bit Server VM"/>
    <property name="file.encoding.pkg" value="sun.io"/>
    <property name="user.script" value=""/>
    <property name="user.country" value="US"/>
    <property name="sun.java.launcher" value="SUN_STANDARD"/>
    <property name="sun.os.patch.level" value=""/>
    <property name="java.vm.specification.name" value="Java Virtual Machine Specification"/>
    <property name="user.dir" value="C:\Development\Workspace\JBoss Workspace\examples\spring-petclinic"/>
    <property name="java.runtime.version" value="1.8.0_141-b15"/>
    <property name="java.awt.graphicsenv" value="sun.awt.Win32GraphicsEnvironment"/>
    <property name="java.endorsed.dirs" value="C:\Program Files\Java\jdk1.8.0_141\jre\lib\endorsed"/>
    <property name="os.arch" value="amd64"/>
    <property name="java.io.tmpdir" value="C:\WINDOWS\TEMP\1\"/>
    <property name="line.separator" value="
"/>
    <property name="java.vm.specification.vendor" value="Oracle Corporation"/>
    <property name="user.variant" value=""/>
    <property name="os.name" value="Windows 10"/>
    <property name="classworlds.conf" value="C:\Development\Workspace\JBoss Workspace\.metadata\.plugins\org.eclipse.m2e.launching\launches\m2conf7290684661851515267.tmp"/>
    <property name="sun.jnu.encoding" value="Cp1252"/>
    <property name="java.library.path" value="C:\Program Files\Java\jdk1.8.0_141\bin;C:\WINDOWS\Sun\Java\bin;C:\WINDOWS\system32;C:\WINDOWS;C:\ProgramData\Oracle\Java\javapath;C:\PERL51001\Perl\site\bin;C:\PERL51001\Perl\bin;C:\Program Files (x86)\RSA SecurID Token Common;C:\WINDOWS\system32;C:\WINDOWS;C:\WINDOWS\System32\Wbem;C:\WINDOWS\System32\WindowsPowerShell\v1.0\;C:\Program Files (x86)\Skype\Phone\;C:\Program Files (x86)\java\jre6\bin\;C:\Program Files (x86)\Perforce;C:\Program Files\Git\cmd;C:\Program Files\Microsoft SQL Server\130\Tools\Binn\;C:\Program Files (x86)\PuTTY\;C:\ProgramData\chocolatey\bin;C:\Program Files\MATLAB\R2017b\bin;C:\Ruby24-x64\bin;C:\Users\rmuthuchidambara\scoop\apps\nodejs\current\bin;C:\Users\rmuthuchidambara\scoop\apps\nodejs\current;C:\Users\rmuthuchidambara\scoop\apps\android-sdk\current\build-tools\23.0.2;C:\Users\rmuthuchidambara\scoop\apps\android-sdk\current\platform-tools;C:\Users\rmuthuchidambara\scoop\apps\python\current\scripts;C:\Users\rmuthuchidambara\AppData\Local\Programs\Python\Launcher\;C:\Users\rmuthuchidambara\scoop\shims;C:\Users\rmuthuchidambara\AppData\Local\Microsoft\WindowsApps;C:\Users\rmuthuchidambara\AppData\Local\atom\bin;C:\Program Files\Java\jdk1.8.0_141\bin;C:\Program Files\Heroku\bin;."/>
    <property name="java.specification.name" value="Java Platform API Specification"/>
    <property name="java.class.version" value="52.0"/>
    <property name="sun.management.compiler" value="HotSpot 64-Bit Tiered Compilers"/>
    <property name="os.version" value="10.0"/>
    <property name="user.home" value="C:\Users\rmuthuchidambara"/>
    <property name="user.timezone" value="Asia/Calcutta"/>
    <property name="java.awt.printerjob" value="sun.awt.windows.WPrinterJob"/>
    <property name="java.specification.version" value="1.8"/>
    <property name="file.encoding" value="Cp1252"/>
    <property name="user.name" value="rmuthuchidambara"/>
    <property name="java.class.path" value="/C:/Users/rmuthuchidambara/devstudio/studio/plugins/org.eclipse.m2e.maven.runtime_1.7.1.20161104-1803/jars/plexus-classworlds-2.5.2.jar"/>
    <property name="java.vm.specification.version" value="1.8"/>
    <property name="sun.arch.data.model" value="64"/>
    <property name="java.home" value="C:\Program Files\Java\jdk1.8.0_141\jre"/>
    <property name="sun.java.command" value="org.codehaus.plexus.classworlds.launcher.Launcher -B -s C:\Users\rmuthuchidambara\Documents\jboss-settings\settings.xml install"/>
    <property name="java.specification.vendor" value="Oracle Corporation"/>
    <property name="user.language" value="en"/>
    <property name="awt.toolkit" value="sun.awt.windows.WToolkit"/>
    <property name="java.vm.info" value="mixed mode"/>
    <property name="java.version" value="1.8.0_141"/>
    <property name="java.ext.dirs" value="C:\Program Files\Java\jdk1.8.0_141\jre\lib\ext;C:\WINDOWS\Sun\Java\lib\ext"/>
    <property name="sun.boot.class.path" value="C:\Program Files\Java\jdk1.8.0_141\jre\lib\resources.jar;C:\Program Files\Java\jdk1.8.0_141\jre\lib\rt.jar;C:\Program Files\Java\jdk1.8.0_141\jre\lib\sunrsasign.jar;C:\Program Files\Java\jdk1.8.0_141\jre\lib\jsse.jar;C:\Program Files\Java\jdk1.8.0_141\jre\lib\jce.jar;C:\Program Files\Java\jdk1.8.0_141\jre\lib\charsets.jar;C:\Program Files\Java\jdk1.8.0_141\jre\lib\jfr.jar;C:\Program Files\Java\jdk1.8.0_141\jre\classes"/>
    <property name="java.vendor" value="Oracle Corporation"/>
    <property name="maven.home" value="C:\Development\Workspace\JBoss Workspace\examples\spring-petclinic\EMBEDDED"/>
    <property name="file.separator" value="\"/>
    <property name="java.vendor.url.bug" value="http://bugreport.sun.com/bugreport/"/>
    <property name="sun.cpu.endian" value="little"/>
    <property name="sun.io.unicode.encoding" value="UnicodeLittle"/>
    <property name="sun.desktop" value="windows"/>
    <property name="sun.cpu.isalist" value="amd64"/>
  </properties>
  <testcase classname="org.springframework.samples.petclinic.service.ClinicServiceJdbcTests" name="updatePet" time="0.118"/>
  <testcase classname="org.springframework.samples.petclinic.service.ClinicServiceJdbcTests" name="getPetTypes" time="0.002"/>
  <testcase classname="org.springframework.samples.petclinic.service.ClinicServiceJdbcTests" name="findPet" time="0.009"/>
  <testcase classname="org.springframework.samples.petclinic.service.ClinicServiceJdbcTests" name="findVets" time="0.014"/>
  <testcase classname="org.springframework.samples.petclinic.service.ClinicServiceJdbcTests" name="updateOwner" time="0.008"/>
  <testcase classname="org.springframework.samples.petclinic.service.ClinicServiceJdbcTests" name="insertPet" time="0.088"/>
  <testcase classname="org.springframework.samples.petclinic.service.ClinicServiceJdbcTests" name="findSingleOwner" time="0.029"/>
  <testcase classname="org.springframework.samples.petclinic.service.ClinicServiceJdbcTests" name="insertOwner" time="0.043"/>
  <testcase classname="org.springframework.samples.petclinic.service.ClinicServiceJdbcTests" name="insertVisit" time="0.042"/>
  <testcase classname="org.springframework.samples.petclinic.service.ClinicServiceJdbcTests" name="findOwners" time="0.014"/>
</testsuite>